[2026-01-16 08:55:51] 
[2026-01-16 08:55:51] ========================================
[2026-01-16 08:55:51] Server Started
[2026-01-16 08:55:51] Time: 2026-01-16 08:55:51
[2026-01-16 08:55:51] ========================================
[2026-01-16 08:55:51] 
[2026-01-16 08:57:59] 
[2026-01-16 08:57:59] ========================================
[2026-01-16 08:57:59] Server Started
[2026-01-16 08:57:59] Time: 2026-01-16 08:57:59
[2026-01-16 08:57:59] ========================================
[2026-01-16 08:57:59] 
[2026-01-16 08:58:11] RESOURCE | GET / -> 200 (8153 bytes)
[2026-01-16 08:58:11] RESOURCE | GET /js/swfobject.js -> 200 (6887 bytes)
[2026-01-16 08:58:11] RESOURCE | GET /js/client-emulator.js -> 200 (1950 bytes)
[2026-01-16 08:58:12] RESOURCE | GET /Clie[2026-01-16 08:59:00] 
[2026-01-16 08:59:00] ========================================
[2026-01-16 08:59:00] Server Started
[2026-01-16 08:59:00] Time: 2026-01-16 08:59:00
[2026-01-16 08:59:00] ========================================
[2026-01-16 08:59:00] 
[2026-01-16 08:59:16] RESOURCE | GET / -> 200 (8153 bytes)
[2026-01-16 08:59:17] RESOURCE | GET /js/swfobject.js -> 200 (6887 bytes)
[2026-01-16 08:59:17] RESOURCE | GET /js/client-emulator.js -> 200 (1950 bytes)
[2026-01-16 08:59:17] RESOURCE | GET /Clie[2026-01-16 09:00:57] 
[2026-01-16 09:00:57] ========================================
[2026-01-16 09:00:57] Server Started
[2026-01-16 09:00:57] Time: 2026-01-16 09:00:57
[2026-01-16 09:00:57] ========================================
[2026-01-16 09:00:57] 
[2026-01-16 09:01:08] RESOURCE | GET / -> 200 (8153 bytes)
[2026-01-16 09:01:08] RESOURCE | GET /js/swfobject.js -> 200 (6887 bytes)
[2026-01-16 09:01:08] RESOURCE | GET /js/client-emulator.js -> 200 (1950 bytes)
[2026-01-16 09:01:08] RESOURCE | GET /Clie[2026-01-16 09:03:15] 
[2026-01-16 09:03:15] ========================================
[2026-01-16 09:03:15] Server Started
[2026-01-16 09:03:15] Time: 2026-01-16 09:03:15
[2026-01-16 09:03:15] ========================================
[2026-01-16 09:03:15] 
[2026-01-16 09:03:16] RESOURCE | GET / -> 200 (8153 bytes)
[2026-01-16 09:03:16] RESOURCE | GET /js/swfobject.js -> 200 (6887 bytes)
[2026-01-16 09:03:16] RESOURCE | GET /js/client-emulator.js -> 200 (1950 bytes)
[2026-01-16 09:03:16] RESOURCE | GET /Client.swf -> 200 (82806 bytes)
[2026-01-16 09:03:16]          SWF LOADED: /Client.swf
[2026-01-16 09:03:16] RESOURCE | GET /config/doorConfig.xml -> 200 (134 bytes)
[2026-01-16 09:03:16] RESOURCE | GET /resource/main_resource.swf -> 200 (36931 bytes)
[2026-01-16 09:03:16]          SWF LOADED: /resource/main_resource.swf
[2026-01-16 09:03:17] RESOURCE | GET /version.swf -> 200 (20512 bytes)
[2026-01-16 09:03:17]          SWF LOADED: /version.swf
[2026-01-16 09:03:17] RESOURCE | GET /version.swf -> 200 (20512 bytes)
[2026-01-16 09:03:17]          SWF LOADED: /version.swf
[2026-01-16 09:03:17] RESOURCE | GET /version.swf -> 200 (20512 bytes)
[2026-01-16 09:03:17]          SWF LOADED: /version.swf
[2026-01-16 09:03:25] RESOURCE | GET / -> 200 (8153 bytes)
[2026-01-16 09:03:25] RESOURCE | GET /js/swfobject.js -> 200 (6887 bytes)
[2026-01-16 09:03:25] RESOURCE | GET /js/client-emulator.js -> 200 (1950 bytes)
[2026-01-16 09:03:25] RESOURCE | GET /Client.swf -> 200 (82806 bytes)
[2026-01-16 09:03:25]          SWF LOADED: /Client.swf
[2026-01-16 09:03:25] RESOURCE | GET /config/doorConfig.xml -> 200 (134 bytes)
[2026-01-16 09:03:25] RESOURCE | GET /resource/main_resource.swf -> 200 (36931 bytes)
[2026-01-16 09:03:25]          SWF LOADED: /resource/main_resource.swf
[2026-01-16 09:03:25] RESOURCE | GET /version.swf -> 200 (20512 bytes)
[2026-01-16 09:03:25]          SWF LOADED: /version.swf
[2026-01-16 09:03:25] RESOURCE | GET /version.swf -> 200 (20512 bytes)
[2026-01-16 09:03:25]          SWF LOADED: /version.swf
[2026-01[2026-01-16 09:04:35] 
[2026-01-16 09:04:35] ========================================
[2026-01-16 09:04:35] Server Started
[2026-01-16 09:04:35] Time: 2026-01-16 09:04:35
[2026-01-16 09:04:35] ========================================
[2026-01-16 09:04:35] 
[2026-01-16 09:04:47] RESOURCE | GET / -> 200 (8153 bytes)
[2026-01-16 09:04:48] RESOURCE | GET /js/swfobject.js -> 200 (6887 bytes)
[2026-01-16 09:04:48] RESOURCE | GET /js/client-emulator.js -> 200 (1950 bytes)
[2026-01-16 09:04:48] RESOURCE | GET /Client.swf -> 200 (82806 bytes)
[2026-01-16 09:04:48]          SWF LOADED: /Client.swf
[2026-01-16 09:04:48] RESOURCE | GET /config/doorConfig.xml -> 200 (134 bytes)
[2026-01-16 09:04:48] RESOURCE | GET /resource/main_resource.swf -> 200 (36931 bytes)
[2026-01-16 09:04:48]          SWF LOADED: /resource/main_resource.swf
[2026-01-16 09:04:48] RESOURCE | GET /version.swf -> 200 (20512 bytes)
[2026-01-16 09:04:48]          SWF LOADED: /version.swf
[2026-01-16 09:04:48] RESOURCE | GET /version.swf -> 200 (20512 by[2026-01-16 09:06:59] 
[2026-01-16 09:06:59] ========================================
[2026-01-16 09:06:59] Server Started
[2026-01-16 09:06:59] Time: 2026-01-16 09:06:59
[2026-01-16 09:06:59] ========================================
[2026-01-16 09:06:59] 
[2026-01-16 09:07:23] RESOURCE | GET / -> 200 (8153 bytes)
[2026-01-16 09:07:23] RESOURCE | GET /js/swfobject.js -> 200 (6887 bytes)
[2026-01-16 09:07:23] RESOURCE | GET /js/client-emulator.js -> 200 (1950 bytes)
[2026-01-16 09:07:24] RESOURCE | GET /Client.swf -> 200 (82806 bytes)
[2026-01-16 09:07:24]          SWF LOADED: /Client.swf
[2026-01-16 09:07:24] RESOURCE | GET /config/doorConfig.xml -> 200 (134 bytes)
[2026-01-16 09:07:24] RESOURCE | GET /resource/main_resource.swf -> 200 (36931 bytes)
[2026-01-16 09:07:24]          SWF LOADED: /resource/main_resource.swf
[2026-01-16 09:07:24] RESOURCE | GET /version.swf -> 200 (20512 bytes)
[2026-01-16 09:07:24]          SWF LOADED: /version.swf
[2026-01-16 09:07:24] RESOURCE | GET /version.swf -> 200 (20512 by[2026-01-16 09:07:38] 
[2026-01-16 09:07:38] ========================================
[2026-01-16 09:07:38] Server Started
[2026-01-16 09:07:38] Time: 2026-01-16 09:07:38
[2026-01-16 09:07:38] ========================================
[2026-01-16 09:07:38] 
[2026-01-16 09:07:51] RESOURCE | GET / -> 200 (8153 bytes)
[2026-01-16 09:07:51] RESOURCE | GET /js/swfobject.js -> 200 (6887 bytes)
[2026-01-16 09:07:51] RESOURCE | GET /js/client-emulator.js -> 200 (1950 bytes)
[2026-01-16 09:07:51] RESOURCE | GET /Client.swf -> 200 (82806 bytes)
[2026-01-16 09:07:51]          SWF LOADED: /Client.swf
[2026-01-16 09:07:51] RESOURCE | GET /config/doorConfig.xml -> 200 (134 bytes)
[2026-01-16 09:07:51] RESOURCE | GET /resource/main_resource.swf -> 200 (36931 bytes)
[2026-01-16 09:07:51]          SWF LOADED: /resource/main_resource.swf
[2026-01-16 09:07:51] RESOURCE | GET /version.swf -> 200 (20512 bytes)
[2026-01-16 09:07:51]          SWF LOADED: /version.swf
[2026-01-16 09:07:51] RESOURCE | GET /version.swf -> 200 (20512 by[2026-01-16 09:08:34] 
[2026-01-16 09:08:34] ========================================
[2026-01-16 09:08:34] Server Started
[2026-01-16 09:08:34] Time: 2026-01-16 09:08:34
[2026-01-16 09:08:34] ========================================
[2026-01-16 09:08:34] 
[2026-01-16 09:08:37] RESOURCE | GET / -> 200 (8153 bytes)
[2026-01-16 09:08:38] RESOURCE | GET /js/swfobject.js -> 200 (6887 bytes)
[2026-01-16 09:08:38] RESOURCE | GET /js/client-emulator.js -> 200 (1950 bytes)
[2026-01-16 09:08:38] RESOURCE | GET /Client.swf -> 200 (82806 bytes)
[2026-01-16 09:08:38]          SWF LOADED: /Client.swf
[2026-01-16 09:08:38] RESOURCE | GET /config/doorConfig.xml -> 200 (134 bytes)
[2026-01-16 09:08:38] RESOURCE | GET /resource/main_resource.swf -> 200 (36931 bytes)
[2026-01-16 09:08:38]          SWF LOADED: /resource/main_resource.swf
[2026-01-16 09:08:38] RESOURCE | GET /version.swf -> 200 (20512 bytes)
[2026-01-16 09:08:38]          SWF LOADED: /version.swf
[2026-01-16 09:08:38] RESOURCE | GET /version.swf -> 200 (20512 by[2026-01-16 09:09:42] 
[2026-01-16 09:09:42] ========================================
[2026-01-16 09:09:42] Server Started
[2026-01-16 09:09:42] Time: 2026-01-16 09:09:42
[2026-01-16 09:09:42] ========================================
[2026-01-16 09:09:42] 
[2026-01-16 09:09:46] RESOURCE | GET / -> 200 (8153 bytes)
[2026-01-16 09:09:46] RESOURCE | GET /js/swfobject.js -> 200 (6887 bytes)
[2026-01-16 09:09:46] RESOURCE | GET /js/client-emulator.js -> 200 (1950 bytes)
[2026-01-16 09:09:46] RESOURCE | GET /Client.swf -> 200 (82806 bytes)
[2026-01-16 09:09:46]          SWF LOADED: /Client.swf
[2026-01-16 09:09:46] RESOURCE | GET /config/doorConfig.xml -> 200 (134 bytes)
[2026-01-16 09:09:46] RESOURCE | GET /resource/main_resource.swf -> 200 (36931 bytes)
[2026-01-16 09:09:46]          SWF LOADED: /resource/main_resource.swf
[2026-01-16 09:09:46] RESOURCE | GET /version.swf -> 200 (20512 bytes)
[2026-01-16 09:09:46]          SWF LOADED: /version.swf
[2026-01-16 09:09:46] RESOURCE | GET /version.swf -> 200 (20512 bytes)
[2026-01-16 09:09:46]          SWF LOADED: /version.swf
[2026-01-16 09:09:46] RESOURCE | GET /version.swf -> 200 (20512 bytes)
[2026-01-16 09:09:46]          SWF LOADED: /version.swf
[2026-01-16 09:09:52] RESOURCE | GET / -> 200 (8153 bytes)
[2026-01-16 09:09:52] RESOURCE | GET /js/swfobject.js -> 200 (6887 bytes)
[2026-01-16 09:09:52] RESOURCE | GET /js/client-emulator.js -> 200 (1950 bytes)
[2026-01-16 09:09:52] RESOURCE | GET /Client.swf -> 200 (82806 bytes)
[2026-01-16 09:09:52]          SWF LOADED: /Client.swf
[2026-01-16 09:09:53] RESOURCE | GET /config/doorConfig.xml -> 200 (134 bytes)
[2026-01-16 09:09:53] RESOURCE | GET /resource/main_resource.swf -> 200 (36931 bytes)
[2026-01-16 09:09:53]          SWF LOADED: /resource/main_resource.swf
[2026-01-16 09:09:53] RESOURCE | GET /version.swf -> 200 (20512 bytes)
[2026-01-16 09:09:53]          SWF LOADED: /version.swf
[2026-01-16 09:09:53] RESOURCE | GET /version.swf -> 200 (20512 bytes)
[2026-01-16 09:09:53]          SWF LOADED: /version.swf
[2026-01[2026-01-16 09:10:27] 
[2026-01-16 09:10:27] ========================================
[2026-01-16 09:10:27] Server Started
[2026-01-16 09:10:27] Time: 2026-01-16 09:10:27
[2026-01-16 09:10:27] ========================================
[2026-01-16 09:10:27] 
[2026-01-16 09:11:00] RESOURCE | GET / -> 200 (8153 bytes)
[2026-01-16 09:11:01] RESOURCE | GET /js/swfobject.js -> 200 (6887 bytes)
[2026-01-16 09:11:01] RESOURCE | GET /js/client-emulator.js -> 200 (1950 bytes)
[2026-01-16 09:11:01] RESOURCE | GET /Client.swf -> 200 (82806 bytes)
[2026-01-16 09:11:01]          SWF LOADED: /Client.swf
[2026-01-16 09:11:01] RESOURCE | GET /config/doorConfig.xml -> 200 (134 bytes)
[2026-01-16 09:11:01] RESOURCE | GET /resource/main_resource.swf -> 200 (36931 bytes)
[2026-01-16 09:11:01]          SWF LOADED: /resource/main_resource.swf
[2026-01-16 09:11:01] RESOURCE | GET /version.swf -> 200 (20512 bytes)
[2026-01-16 09:11:01]          SWF LOADED: /version.swf
[2026-01-16 09:11:01] RESOURCE | GET /version.swf -> 200 (20512 by[2026-01-16 09:11:09] 
[2026-01-16 09:11:09] ========================================
[2026-01-16 09:11:09] Server Started
[2026-01-16 09:11:09] Time: 2026-01-16 09:11:09
[2026-01-16 09:11:09] ========================================
[2026-01-16 09:11:09] 
[2026-01-16 09:11:10] RESOURCE | GET / -> 200 (8153 bytes)
[2026-01-16 09:11:10] RESOURCE | GET /js/swfobject.js -> 200 (6887 bytes)
[2026-01-16 09:11:10] RESOURCE | GET /js/client-emulator.js -> 200 (1950 bytes)
[2026-01-16 09:11:10] RESOURCE | GET /Client.swf -> 200 (82806 bytes)
[2026-01-16 09:11:10]          SWF LOADED: /Client.swf
[2026-01-16 09:11:11] RESOURCE | GET /config/doorConfig.xml -> 200 (134 bytes)
[2026-01-16 09:11:11] RESOURCE | GET /resource/main_resource.swf -> 200 (36931 bytes)
[2026-01-16 09:11:11]          SWF LOADED: /resource/main_resource.swf
[2026-01-16 09:11:11] RESOURCE | GET /version.swf -> 200 (20512 bytes)
[2026-01-16 09:11:11]          SWF LOADED: /version.swf
[2026-01-16 09:11:11] RESOURCE | GET /version.swf -> 200 (20512 by[2026-01-16 09:11:31] 
[2026-01-16 09:11:31] ========================================
[2026-01-16 09:11:31] Server Started
[2026-01-16 09:11:31] Time: 2026-01-16 09:11:31
[2026-01-16 09:11:31] ========================================
[2026-01-16 09:11:31] 
[2026-01-16 09:11:33] RESOURCE | GET / -> 200 (8153 bytes)
[2026-01-16 09:11:33] RESOURCE | GET /js/swfobject.js -> 200 (6887 bytes)
[2026-01-16 09:11:33] RESOURCE | GET /js/client-emulator.js -> 200 (1950 bytes)
[2026-01-16 09:11:33] RESOURCE | GET /Client.swf -> 200 (82806 bytes)
[2026-01-16 09:11:33]          SWF LOADED: /Client.swf
[2026-01-16 09:11:33] RESOURCE | GET /config/doorConfig.xml -> 200 (134 bytes)
[2026-01-16 09:11:34] RESOURCE | GET /resource/main_resource.swf -> 200 (36931 bytes)
[2026-01-16 09:11:34]          SWF LOADED: /resource/main_resource.swf
[2026-01-16 09:11:34] RESOURCE | GET /version.swf -> 200 (20512 bytes)
[2026-01-16 09:11:34]          SWF LOADED: /version.swf
[2026-01-16 09:11:34] RESOURCE | GET /version.swf -> 200 (20512 bytes)
[2026-01-16 09:11:34]          SWF LOADED: /version.swf
[2026-01-16 09:11:34] RESOURCE | GET /version.swf -> 200 (20512 bytes)
[2026-01-16 09:11:34]          SWF LOADED: /version.swf
[2026-01-16 09:11:34] RESOURCE | DOWNLOAD /config/dll.xml -> 200 (5493 bytes)
[2026-01-16 09:11:34] RESOURCE | GET /dll/NieoCore.swf -> 200 (1802437 bytes)
[2026-01-16 09:11:34]          SWF LOADED: /dll/NieoCore.swf
[2026-01-16 09:11:34] RESOURCE | GET /login/Login.swf -> 200 (2142064 bytes)
[2026-01-16 09:11:34]          SWF LOADED: /login/Login.swf
[2026-01-16 09:11:55] OFFICIAL | -> CMD=104 (MAIN_LOGIN_IN), UID=0, LEN=125
[2026-01-16 09:11:55]            HEX: 00 00 00 7D 31 00 00 00 68 00 00 00 00 00 00 00 
                    00 31 31 31 31 31 40 71 71 2E 63 6F 6D 00 00 00 
                    00 00 00 00 00 00 00 00 00 00 00 00 00 00 00 00 
                    00 00 00 00 00 00 00 00 00 00 00 00 00 00 00 00 
                    00 00 00 00 00 00 00 00 00 00 00 00 00 00 00 00 
                    00 62 35 39 63 36 37 62[2026-01-16 09:13:08] 
[2026-01-16 09:13:08] ========================================
[2026-01-16 09:13:08] Server Started
[2026-01-16 09:13:08] Time: 2026-01-16 09:13:08
[2026-01-16 09:13:08] ========================================
[2026-01-16 09:13:08] 
[2026-01-16 09:13:43] OFFICIAL | -> CMD=3 (UNKNOWN_3), UID=0, LEN=81
[2026-01-16 09:13:43]            HEX: 00 00 00 51 31 00 00 00 03 00 00 00 00 00 00 00 
                    00 31 34 37 30 39 32 35 30 37 35 40 71 71 2E 63 
                    6F 6D 00 00 00 00 00 00 00 00 00 00 00 00 00 00 
                    00 00 00 00 00 00 00 00 00 00 00 00 00 00 00 00 
                    00 00 00 00 00 00 00 00 00 00 00 00 00 00 00 00 
                    00 
[2026-01-16 09:15:09] OFFICIAL | -> CMD=3 (UNKNOWN_3), UID=0, LEN=81
[2026-01-16 09:15:09]            HEX: 00 00 00 51 31 00 00 00 03 00 00 00 00 00 00 00 
                    00 34 31 30 30 30 30 31 35 30 40 71 71 2E 63 6F 
                    6D 00 00 00 00 00 00 00 00 00 00 00 00 00 00 00 
                    00 00 00 00 00 00 00 00 00 00 00 00 00 00 00 00 
                    00 00 00 00 00 00 00 00 00 00 00 00 00 00 00 00 
                    00 
[2026-01-16 09:20:06] OFFICIAL | -> CMD=3 (UNKNOWN_3), UID=0, LEN=81
[2026-01-16 09:20:06]            HEX: 00 00 00 51 31 00 00 00 03 00 00 00 00 00 00 00 
                    00 68 65 78 33 66 40 6F 75 74 6C 6F 6F 6B 2E 63 
                    6F 6D 00 00 00 00 00 00 00 00 00 00 00 00 00 00 
                    00 00 00 00 00 00 00 00 00 00 00 00 00 00 00 00 
                    00 00 00 00 00 00 00 00 00 00 00 00 00 00 00 00 
                    00 
[2026-01-16 09:20:07] OFFICIAL | -> CMD=3 (UNKNOWN_3), UID=0, LEN=81
[2026-01-16 09:20:07]            HEX: 00 00 00 51 31 00 00 00 03 00 00 00 00 00 00 00 
                    00 68 65 78 33 66 40 6F 75 74 6C 6F 6F 6B 2E 63 
                    6F 6D 00 00 00 00 00 00 00 00 00 00 00 00 00 00 
                    00 00 00 00 00 00 00 00 00 00 00 00 00 00 00 00 
                    00 00 00 00 00 00 00 00 00 00 00 00 00 0[2026-01-16 09:22:48] 
[2026-01-16 09:22:48] ========================================
[2026-01-16 09:22:48] Server Started
[2026-01-16 09:22:48] Time: 2026-01-16 09:22:48
[2026-01-16 09:22:48] ========================================
[2026-01-16 09:22:48] 
[2026-01-16 09:22:52] RESOURCE | GET / -> 200 (8153 bytes)
[2026-01-16 09:22:52] RESOURCE | GET /js/swfobject.js -> 200 (6887 bytes)
[2026-01-16 09:22:52] RESOURCE | GET /js/client-emulator.js -> 200 (1950 bytes)
[2026-01-16 09:22:53] RESOURCE | GET /Client.swf -> 200 (82806 bytes)
[2026-01-16 09:22:53]          SWF LOADED: /Client.swf
[2026-01-16 09:22:53] RESOURCE | GET /config/doorConfig.xml -> 200 (134 bytes)
[2026-01-16 09:22:53] RESOURCE | GET /resource/main_resource.swf -> 200 (36931 bytes)
[2026-01-16 09:22:53]          SWF LOADED: /resource/main_resource.swf
[2026-01-16 09:22:53] RESOURCE | GET /version.swf -> 200 (20512 bytes)
[2026-01-16 09:22:53]          SWF LOADED: /version.swf
[2026-01-16 09:22:53] RESOURCE | GET /version.swf -> 200 (20512 bytes)
[2026-01-16 09:22:53]          SWF LOADED: /version.swf
[2026-01-16 09:22:53] RESOURCE | GET /version.swf -> 200 (20512 bytes)
[2026-01-16 09:22:53]          SWF LOADED: /version.swf
[2026-01-16 09:22:53] RESOURCE | GET /config/dll.xml -> 200 (5493 bytes)
[2026-01-16 09:22:53] RESOURCE | GET /dll/NieoCore.swf -> 200 (1802437 bytes)
[2026-01-16 09:22:53]          SWF LOADED: /dll/NieoCore.swf
[2026-01-16 09:22:53] RESOURCE | GET /login/Login.swf -> 200 (2142064 bytes)
[2026-01-16 09:22:53]          SWF [2026-01-16 09:27:16] 
[2026-01-16 09:27:16] ========================================
[2026-01-16 09:27:16] Server Started
[2026-01-16 09:27:16] Time: 2026-01-16 09:27:16
[2026-01-16 09:27:16] ========================================
[2026-01-16 09:27:16] 
[2026-01-16 09:27:18] RESOURCE | GET / -> 200 (8153 bytes)
[2026-01-16 09:27:19] RESOURCE | GET /js/swfobject.js -> 200 (6887 bytes)
[2026-01-16 09:27:19] RESOURCE | GET /js/client-emulator.js -> 200 (1950 bytes)
[2026-01-16 09:27:19] RESOURCE | GET /Client.swf -> 200 (82806 bytes)
[2026-01-16 09:27:19]          SWF LOADED: /Client.swf
[2026-01-16 09:27:19] RESOURCE | GET /config/doorConfig.xml -> 200 (134 bytes)
[2026-01-16 09:27:19] RESOURCE | GET /resource/main_resource.swf -> 200 (36931 bytes)
[2026-01-16 09:27:19]          SWF LOADED: /resource/main_resource.swf
[2026-01-16 09:27:19] RESOURCE | GET /version.swf -> 200 (20512 bytes)
[2026-01-16 09:27:19]          SWF LOADED: /version.swf
[2026-01-16 09:27:19] RESOURCE | GET /version.swf -> 200 (20512 bytes)
[2026-01-16 09:27:19]          SWF LOADED: /version.swf
[2026-01-16 09:27:19] RESOURCE | GET /version.swf -> 200 (20512 bytes)
[2026-01-16 09:27:19]          SWF LOADED: /version.swf
[2026-01-16 09:27:19] RESOURCE | GET /config/dll.xml -> 200 (5493 bytes)
[2026-01-16 09:27:19] RESOURCE | GET /dll/NieoCore.swf -> 200 (1802437 bytes)
[2026-01-16 09:27:19]          SWF LOADED: /dll/NieoCore.swf
[2026-01-16 09:27:19] RESOURCE | GET /login/Login.swf -> 200 (2142064 bytes)
[2026-01-16 09:27:19]          SWF [2026-01-16 09:33:18] 
[2026-01-16 09:33:18] ========================================
[2026-01-16 09:33:18] Server Started
[2026-01-16 09:33:18] Time: 2026-01-16 09:33:18
[2026-01-16 09:33:18] ========================================
[2026-01-16 09:33:18] 
[2026-01-16 09:33:24] RESOURCE | GET / -> 200 (8153 bytes)
[2026-01-16 09:33:24] RESOURCE | GET /js/swfobject.js -> 200 (6887 bytes)
[2026-01-16 09:33:24] RESOURCE | GET /js/client-emulator.js -> 200 (1950 bytes)
[2026-01-16 09:33:24] RESOURCE | GET /Client.swf -> 200 (82806 bytes)
[2026-01-16 09:33:24]          SWF LOADED: /Client.swf
[2026-01-16 09:33:25] RESOURCE | GET /config/doorConfig.xml -> 200 (134 bytes)
[2026-01-16 09:33:25] RESOURCE | GET /resource/main_resource.swf -> 200 (36931 bytes)
[2026-01-16 09:33:25]          SWF LOADED: /resource/main_resource.swf
[2026-01-16 09:33:25] RESOURCE | GET /version.swf -> 200 (20512 bytes)
[2026-01-16 09:33:25]          SWF LOADED: /version.swf
[2026-01-16 09:33:25] RESOURCE | GET /version.swf -> 200 (20512 bytes)
[2026-01-16 09:33:25]          SWF LOADED: /version.swf
[2026-01-16 09:33:25] RESOURCE | GET /version.swf -> 200 (20512 bytes)
[2026-01-16 09:33:25]          SWF LOADED: /version.swf
[2026-01-16 09:33:25] RESOURCE | GET /config/dll.xml -> 200 (5493 bytes)
[2026-01-16 09:33:25] RESOURCE | GET /dll/NieoCore.swf -> 200 (1802437 bytes)
[2026-01-16 09:33:25]          SWF LOADED: /dll/NieoCore.swf
[2026-01-16 09:33:25] RESOURCE | GET /login/Login.swf -> 200 (2142064 bytes)
[2026-01-16 09:33:25]          SWF LOADED: /login/Login.swf
[2026-01-16 09:33:43] OFFICIAL | -> CMD=3 (UNKNOWN_3), UID=0, LEN=81
[2026-01-16 09:33:43]            HEX: 00 00 00 51 31 00 00 00 03 00 00 00 00 00 00 00 
                    00 31 34 37 30 39 32 35 30 37 35 40 71 71 2E 63 
                    6F 6D 00 00 00 00 00 00 00 00 00 00 00 00 00 00 
                    00 00 00 00 00 00 00 00 00 00 00 00 00 00 00 00 
                    00 00 00 00 00 00 00 00 00 00 00 00 00 00 00 00 
                    00 
[2026-01-16 09:33:45] OFFICIAL | <- CMD=3 (UNKNOWN_3), UID=0, RESULT=0, LEN=49
[2026-01-16 09:33:45]            HEX: 00 00 00 31 37 00 00 00 03 00 00 00 00 00 00 00 
                    00 30 31 39 62 63 34 36 66 64 64 39 62 37 38 65 
                    30 38 37 63 35 33 64 33 32 34 32 36 64 39 34 61 
                    35 
[2026-01-16 09:33:45]            PARSE: INT32[]: 49, 922746880, 50331648, 0, 3158329, 1650668598, 1717855289, 1647786085, 808990563, 892560435, 842281526, 1681470561 + 1 bytes | BYTES: 0,0,0,49,55,0,0,0,3,0,0,0,0,0,0,0,0,48,49,57,98,99,52,54,102,100,100,57,98,55,56,101,48,56,55,99,53,51,100,51,50,52,50,54,100,57,52,97,53
[2026-01-16 09:36:22] OFFICIAL | -> CMD=2 (REGISTER), UID=0, LEN=177
[2026-01-16 09:36:22]            HEX: 00 00 00 B1 31 00 00 00 02 00 00 00 00 00 00 00 
                    00 6C 6F 67 69 74 65 63 68 32 39 39 32 00 00 00 
                    00 00 00 00 00 00 00 00 00 00 00 00 00 00 00 00 
                    00 31 34 37 30 39 32 35 30 37 35 40 71 71 2E 63 
                    6F 6D 00 00 00 00 00 00 00 00 00 00 00 00 00 00 
                    00 00 00 00 00 00 00 00 00 00 00 00 00 00 00 00 
                    00 00 00 00 00 00 00 00 00 00 00 00 00 00 00 00 
                    00 31 33 32 37 38 35 00 00 00 00 00 00 00 00 00 
                    00 00 00 00 00 00 00 00 00 00 00 00 00 00 00 00 
                    00 30 31 39 62 63 34 36 66 64 64 39 62 37 38 65 
                    30 38 37 63 35 33 64 33 32 34 32 36 64 39 34 61 
                    35 
[2026-01-16 09:36:44] OFFICIAL | -> CMD=2 (REGISTER), UID=0, LEN=177
[2026-01-16 09:36:44]            HEX: 00 00 00 B1 31 00 00 00 02 00 00 00 00 00 00 00 
                    00 6C 6F 67 69 74 65 63 68 32 39 39 32 00 00 00 
                    00 00 00 00 00 00 00 00 00 00 00 00 00 00 00 00 
                    00 31 34 37 30 39 32 35 30 37 35 40 71 71 2E 63 
                    6F 6D 00 00 00 00 00 00 00 00 00 00 00 00 00 00 
                    00 00 00 00 00 00 00 00 00 00 00 00 00 00 00 00 
                    00 00 00 00 00 00 00 00 00 00 00 00 0[2026-01-16 09:38:19] 
[2026-01-16 09:38:19] ========================================
[2026-01-16 09:38:19] Server Started
[2026-01-16 09:38:19] Time: 2026-01-16 09:38:19
[2026-01-16 09:38:19] ========================================
[2026-01-16 09:38:19] 
[2026-01-16 09:38:22] RESOURCE | GET / -> 200 (8153 bytes)
[2026-01-16 09:38:23] RESOURCE | GET /js/swfobject.js -> 200 (6887 bytes)
[2026-01-16 09:38:23] RESOURCE | GET /js/client-emulator.js -> 200 (1950 bytes)
[2026-01-16 09:38:23] RESOURCE | GET /Client.swf -> 200 (82806 bytes)
[2026-01-16 09:38:23]          SWF LOADED: /Client.swf
[2026-01-16 09:38:23] RESOURCE | GET /config/doorConfig.xml -> 200 (134 bytes)
[2026-01-16 09:38:23] RESOURCE | GET /resource/main_resource.swf -> 200 (36931 bytes)
[2026-01-16 09:38:23]          SWF LOADED: /resource/main_resource.swf
[2026-01-16 09:38:23] RESOURCE | GET /version.swf -> 200 (20512 bytes)
[2026-01-16 09:38:23]          SWF LOADED: /version.swf
[2026-01-16 09:38:23] RESOURCE | GET /version.swf -> 200 (20512 bytes)
[2026-01-16 09:38:23]          SWF LOADED: /version.swf
[2026-01-16 09:38:23] RESOURCE | GET /version.swf -> 200 (20512 bytes)
[2026-01-16 09:38:23]          SWF LOADED: /version.swf
[2026-01-16 09:38:23] RESOURCE | GET /config/dll.xml -> 200 (5493 bytes)
[2026-01-16 09:38:23] RESOURCE | GET /dll/NieoCore.swf -> 200 (1802437 bytes)
[2026-01-16 09:38:23]          SWF LOADED: /dll/NieoCore.swf
[2026-01-16 09:38:23] RESOURCE | GET /login/Login.swf -> 200 (2142064 bytes)
[2026-01-16 09:38:23]          SWF LOADED: /login/Login.swf
[2026-01-16 09:38:41] OFFICIAL | -> CMD=3 (UNKNOWN_3), UID=0, LEN=81
[2026-01-16 09:38:41]            HEX: 00 00 00 51 31 00 00 00 03 00 00 00 00 00 00 00 
                    00 31 34 37 30 39 32 35 30 37 35 40 71 71 2E 63 
                    6F 6D 00 00 00 00 00 00 00 00 00 00 00 00 00 00 
                    00 00 00 00 00 00 00 00 00 00 00 00 00 00 00 00 
                    00 00 00 00 00 00 00 00 00 00 00 00 00 00 00 00 
                    00 
[2026-01-16 09:38:43] OFFICIAL | <- CMD=3 (UNKNOWN_3), UID=0, RESULT=0, LEN=49
[2026-01-16 09:38:43]            HEX: 00 00 00 31 37 00 00 00 03 00 00 00 00 00 00 00 
                    00 30 31 39 62 63 34 37 34 36 38 31 66 37 65 33 
                    32 39 30 61 31 62 66 64 39 34 36 65 35 63 34 63 
                    62 
[2026-01-16 09:38:43]            PARSE: INT32[]: 49, 922746880, 50331648, 0, 3158329, 1650668599, 875968561, 1714906419, 842608737, 828532324, 959723109, 895693923 + 1 bytes | BYTES: 0,0,0,49,55,0,0,0,3,0,0,0,0,0,0,0,0,48,49,57,98,99,52,55,52,54,56,49,102,55,101,51,50,57,48,97,49,98,102,100,57,52,54,101,53,99,52,99,98
[2026-01-16 09:38:57] OFFICIAL | -> CMD=2 (REGISTER), UID=0, LEN=177
[2026-01-16 09:38:57]            HEX: 00 00 00 B1 31 00 00 00 02 00 00 00 00 00 00 00 
                    00 6C 6F 67 69 74 65 63 68 32 39 39 32 00 00 00 
                    00 00 00 00 00 00 00 00 00 00 00 00 00 00 00 00 
                    00 31 34 37 30 39 32 35 30 37 35 40 71 71 2E 63 
                    6F 6D 00 00 00 00 00 00 